{
  "RSpec": {
    "coverage": {
      "/Users/luciennajev/Projects/tutorials/Rails/finance-tracker/app/models/user.rb": [
        1,
        null,
        null,
        1,
        null,
        null,
        1,
        1,
        1,
        1,
        null,
        1,
        0,
        null,
        0,
        null,
        null,
        1,
        0,
        0,
        null,
        0,
        null,
        null,
        1,
        0,
        null,
        null,
        1,
        0,
        null,
        null,
        1,
        0,
        0,
        0,
        0,
        null,
        0,
        null,
        null,
        1,
        0,
        null,
        null,
        1,
        0,
        null,
        null,
        1,
        0,
        null,
        null,
        1,
        0,
        null,
        null,
        1,
        0,
        null,
        null
      ],
      "/Users/luciennajev/Projects/tutorials/Rails/finance-tracker/app/models/application_record.rb": [
        1,
        1,
        null
      ],
      "/Users/luciennajev/Projects/tutorials/Rails/finance-tracker/app/helpers/application_helper.rb": [
        1,
        null
      ],
      "/Users/luciennajev/Projects/tutorials/Rails/finance-tracker/app/helpers/user_stocks_helper.rb": [
        1,
        null
      ],
      "/Users/luciennajev/Projects/tutorials/Rails/finance-tracker/app/channels/application_cable/channel.rb": [
        1,
        1,
        null,
        null
      ],
      "/Users/luciennajev/Projects/tutorials/Rails/finance-tracker/app/channels/application_cable/connection.rb": [
        1,
        1,
        null,
        null
      ],
      "/Users/luciennajev/Projects/tutorials/Rails/finance-tracker/app/jobs/application_job.rb": [
        1,
        null
      ],
      "/Users/luciennajev/Projects/tutorials/Rails/finance-tracker/app/mailers/application_mailer.rb": [
        1,
        1,
        1,
        null
      ],
      "/Users/luciennajev/Projects/tutorials/Rails/finance-tracker/app/models/friendship.rb": [
        1,
        1,
        1,
        null
      ],
      "/Users/luciennajev/Projects/tutorials/Rails/finance-tracker/app/models/user_stock.rb": [
        1,
        1,
        1,
        null
      ],
      "/Users/luciennajev/Projects/tutorials/Rails/finance-tracker/app/models/stock.rb": [
        1,
        1,
        1,
        null,
        1,
        0,
        null,
        null,
        1,
        0,
        0,
        0,
        null,
        null,
        null,
        0,
        0,
        null,
        null,
        1,
        null,
        0,
        null,
        null
      ],
      "/Users/luciennajev/Projects/tutorials/Rails/finance-tracker/app/controllers/application_controller.rb": [
        0,
        0,
        0
      ],
      "/Users/luciennajev/Projects/tutorials/Rails/finance-tracker/app/controllers/user_stocks_controller.rb": [
        0,
        0,
        0,
        0,
        0,
        0,
        0,
        0,
        0,
        0,
        0,
        null,
        0,
        0,
        0,
        0,
        0,
        0,
        0,
        0
      ],
      "/Users/luciennajev/Projects/tutorials/Rails/finance-tracker/app/controllers/friendships_controller.rb": [
        0,
        0,
        0,
        0,
        0,
        0,
        0,
        0
      ],
      "/Users/luciennajev/Projects/tutorials/Rails/finance-tracker/app/controllers/user/registrations_controller.rb": [
        0,
        0,
        null,
        0,
        null,
        0,
        0,
        0,
        0,
        0
      ],
      "/Users/luciennajev/Projects/tutorials/Rails/finance-tracker/app/controllers/stocks_controller.rb": [
        0,
        0,
        0,
        0,
        0,
        0,
        0,
        0,
        0,
        0,
        0,
        0,
        0
      ],
      "/Users/luciennajev/Projects/tutorials/Rails/finance-tracker/app/controllers/users_controller.rb": [
        0,
        0,
        0,
        0,
        0,
        null,
        0,
        0,
        0,
        null,
        0,
        0,
        0,
        0,
        0,
        0,
        0,
        0,
        0,
        0,
        0,
        null,
        0,
        0,
        0,
        0,
        0,
        0,
        0,
        0,
        0,
        0,
        null,
        0,
        0,
        0,
        0,
        0
      ],
      "/Users/luciennajev/Projects/tutorials/Rails/finance-tracker/app/controllers/welcome_controller.rb": [
        0,
        0,
        0
      ]
    },
    "timestamp": 1575410919
  }
}
